{"contracts/Token.sol":{"l":{"9":39},"path":"/home/dev-varun/Documents/Solidity/Vesting-Protocol/contracts/Token.sol","s":{"1":39},"b":{},"f":{"1":39},"fnMap":{"1":{"name":"constructor","line":8,"loc":{"start":{"line":8,"column":4},"end":{"line":10,"column":4}}}},"statementMap":{"1":{"start":{"line":9,"column":8},"end":{"line":9,"column":32}}},"branchMap":{}},"contracts/Vesting.sol":{"l":{"32":76,"33":71,"61":39,"79":2,"80":2,"81":2,"82":2,"83":2,"84":2,"85":2,"86":2,"95":27,"97":16,"98":1,"100":15,"109":23,"111":23,"112":23,"114":23,"115":0,"116":0,"119":23,"121":17,"123":2,"133":47,"134":45,"135":43,"136":41,"137":39,"138":37,"143":35,"145":35,"146":33,"147":31,"149":29,"150":29,"152":29,"154":27,"155":27,"157":27,"169":27,"171":27,"172":25,"174":25,"184":25,"193":14,"198":12,"200":10,"202":10,"204":10,"206":8,"208":8,"209":1,"212":8,"216":8,"218":8,"220":8,"229":5,"235":3,"237":3,"238":3,"240":3,"242":3,"243":2,"244":3,"245":1,"247":3,"249":3,"257":3},"path":"/home/dev-varun/Documents/Solidity/Vesting-Protocol/contracts/Vesting.sol","s":{"1":76,"2":39,"3":2,"4":2,"5":2,"6":2,"7":2,"8":2,"9":2,"10":2,"11":27,"12":11,"13":16,"14":1,"15":15,"16":23,"17":23,"18":23,"19":23,"20":0,"21":0,"22":23,"23":6,"24":17,"25":15,"26":2,"27":47,"28":45,"29":43,"30":41,"31":39,"32":37,"33":35,"34":35,"35":33,"36":31,"37":29,"38":29,"39":29,"40":27,"41":27,"42":27,"43":27,"44":27,"45":25,"46":25,"47":25,"48":14,"49":12,"50":10,"51":10,"52":10,"53":8,"54":8,"55":8,"56":8,"57":8,"58":8,"59":5,"60":3,"61":3,"62":3,"63":3,"64":3,"65":2,"66":3,"67":1,"68":3,"69":3},"b":{"1":[71,5],"2":[11,16],"3":[1,15],"4":[0,23],"5":[6,17],"6":[15,2],"7":[45,2],"8":[43,2],"9":[41,2],"10":[39,2],"11":[37,2],"12":[35,2],"13":[33,2],"14":[31,2],"15":[29,2],"16":[27,2],"17":[12,2],"18":[10,2],"19":[8,2],"20":[1,7],"21":[3,2],"22":[2,1],"23":[1,2]},"f":{"1":76,"2":39,"3":2,"4":27,"5":23,"6":47,"7":14,"8":5},"fnMap":{"1":{"name":"validStream","line":31,"loc":{"start":{"line":31,"column":4},"end":{"line":34,"column":4}}},"2":{"name":"constructor","line":60,"loc":{"start":{"line":60,"column":4},"end":{"line":62,"column":4}}},"3":{"name":"getStream","line":67,"loc":{"start":{"line":64,"column":4},"end":{"line":87,"column":4}}},"4":{"name":"deltaOf","line":92,"loc":{"start":{"line":89,"column":4},"end":{"line":101,"column":4}}},"5":{"name":"balanceOf","line":106,"loc":{"start":{"line":103,"column":4},"end":{"line":124,"column":4}}},"6":{"name":"createStream","line":132,"loc":{"start":{"line":126,"column":4},"end":{"line":185,"column":4}}},"7":{"name":"withdrawFromStream","line":190,"loc":{"start":{"line":187,"column":4},"end":{"line":221,"column":4}}},"8":{"name":"cancelStream","line":226,"loc":{"start":{"line":223,"column":4},"end":{"line":258,"column":4}}}},"statementMap":{"1":{"start":{"line":32,"column":8},"end":{"line":32,"column":62}},"2":{"start":{"line":61,"column":8},"end":{"line":61,"column":25}},"3":{"start":{"line":79,"column":8},"end":{"line":79,"column":40}},"4":{"start":{"line":80,"column":8},"end":{"line":80,"column":46}},"5":{"start":{"line":81,"column":8},"end":{"line":81,"column":52}},"6":{"start":{"line":82,"column":8},"end":{"line":82,"column":42}},"7":{"start":{"line":83,"column":8},"end":{"line":83,"column":46}},"8":{"start":{"line":84,"column":8},"end":{"line":84,"column":44}},"9":{"start":{"line":85,"column":8},"end":{"line":85,"column":60}},"10":{"start":{"line":86,"column":8},"end":{"line":86,"column":54}},"11":{"start":{"line":95,"column":8},"end":{"line":95,"column":68}},"12":{"start":{"line":95,"column":60},"end":{"line":95,"column":68}},"13":{"start":{"line":97,"column":8},"end":{"line":97,"column":2583}},"14":{"start":{"line":98,"column":12},"end":{"line":98,"column":64}},"15":{"start":{"line":100,"column":8},"end":{"line":100,"column":71}},"16":{"start":{"line":109,"column":8},"end":{"line":109,"column":54}},"17":{"start":{"line":111,"column":8},"end":{"line":111,"column":41}},"18":{"start":{"line":112,"column":8},"end":{"line":112,"column":54}},"19":{"start":{"line":114,"column":8},"end":{"line":114,"column":3033}},"20":{"start":{"line":115,"column":12},"end":{"line":115,"column":78}},"21":{"start":{"line":116,"column":12},"end":{"line":116,"column":46}},"22":{"start":{"line":119,"column":8},"end":{"line":119,"column":74}},"23":{"start":{"line":119,"column":34},"end":{"line":119,"column":74}},"24":{"start":{"line":121,"column":8},"end":{"line":121,"column":51}},"25":{"start":{"line":121,"column":37},"end":{"line":121,"column":51}},"26":{"start":{"line":123,"column":8},"end":{"line":123,"column":16}},"27":{"start":{"line":133,"column":8},"end":{"line":133,"column":65}},"28":{"start":{"line":134,"column":8},"end":{"line":134,"column":45}},"29":{"start":{"line":135,"column":8},"end":{"line":135,"column":67}},"30":{"start":{"line":136,"column":8},"end":{"line":136,"column":68}},"31":{"start":{"line":137,"column":8},"end":{"line":137,"column":68}},"32":{"start":{"line":138,"column":8},"end":{"line":138,"column":3920}},"33":{"start":{"line":143,"column":8},"end":{"line":143,"column":47}},"34":{"start":{"line":145,"column":8},"end":{"line":145,"column":64}},"35":{"start":{"line":146,"column":8},"end":{"line":146,"column":70}},"36":{"start":{"line":147,"column":8},"end":{"line":147,"column":75}},"37":{"start":{"line":149,"column":8},"end":{"line":149,"column":43}},"38":{"start":{"line":150,"column":8},"end":{"line":150,"column":51}},"39":{"start":{"line":152,"column":8},"end":{"line":152,"column":69}},"40":{"start":{"line":154,"column":8},"end":{"line":154,"column":38}},"41":{"start":{"line":155,"column":8},"end":{"line":155,"column":50}},"42":{"start":{"line":157,"column":8},"end":{"line":157,"column":4574}},"43":{"start":{"line":169,"column":8},"end":{"line":169,"column":36}},"44":{"start":{"line":171,"column":8},"end":{"line":171,"column":78}},"45":{"start":{"line":172,"column":8},"end":{"line":172,"column":21}},"46":{"start":{"line":174,"column":8},"end":{"line":174,"column":5085}},"47":{"start":{"line":184,"column":8},"end":{"line":184,"column":23}},"48":{"start":{"line":193,"column":8},"end":{"line":193,"column":5480}},"49":{"start":{"line":198,"column":8},"end":{"line":198,"column":44}},"50":{"start":{"line":200,"column":8},"end":{"line":200,"column":54}},"51":{"start":{"line":202,"column":8},"end":{"line":202,"column":63}},"52":{"start":{"line":204,"column":8},"end":{"line":204,"column":69}},"53":{"start":{"line":206,"column":8},"end":{"line":206,"column":49}},"54":{"start":{"line":208,"column":8},"end":{"line":208,"column":5952}},"55":{"start":{"line":212,"column":8},"end":{"line":212,"column":6046}},"56":{"start":{"line":216,"column":8},"end":{"line":216,"column":21}},"57":{"start":{"line":218,"column":8},"end":{"line":218,"column":68}},"58":{"start":{"line":220,"column":8},"end":{"line":220,"column":19}},"59":{"start":{"line":229,"column":8},"end":{"line":229,"column":6430}},"60":{"start":{"line":235,"column":8},"end":{"line":235,"column":54}},"61":{"start":{"line":237,"column":8},"end":{"line":237,"column":66}},"62":{"start":{"line":238,"column":8},"end":{"line":238,"column":72}},"63":{"start":{"line":240,"column":8},"end":{"line":240,"column":51}},"64":{"start":{"line":242,"column":8},"end":{"line":242,"column":6923}},"65":{"start":{"line":243,"column":12},"end":{"line":243,"column":70}},"66":{"start":{"line":244,"column":8},"end":{"line":244,"column":7024}},"67":{"start":{"line":245,"column":12},"end":{"line":245,"column":64}},"68":{"start":{"line":249,"column":8},"end":{"line":249,"column":7102}},"69":{"start":{"line":257,"column":8},"end":{"line":257,"column":19}}},"branchMap":{"1":{"line":32,"type":"if","locations":[{"start":{"line":32,"column":8},"end":{"line":32,"column":8}},{"start":{"line":32,"column":8},"end":{"line":32,"column":8}}]},"2":{"line":95,"type":"if","locations":[{"start":{"line":95,"column":8},"end":{"line":95,"column":8}},{"start":{"line":95,"column":8},"end":{"line":95,"column":8}}]},"3":{"line":97,"type":"if","locations":[{"start":{"line":97,"column":8},"end":{"line":97,"column":8}},{"start":{"line":97,"column":8},"end":{"line":97,"column":8}}]},"4":{"line":114,"type":"if","locations":[{"start":{"line":114,"column":8},"end":{"line":114,"column":8}},{"start":{"line":114,"column":8},"end":{"line":114,"column":8}}]},"5":{"line":119,"type":"if","locations":[{"start":{"line":119,"column":8},"end":{"line":119,"column":8}},{"start":{"line":119,"column":8},"end":{"line":119,"column":8}}]},"6":{"line":121,"type":"if","locations":[{"start":{"line":121,"column":8},"end":{"line":121,"column":8}},{"start":{"line":121,"column":8},"end":{"line":121,"column":8}}]},"7":{"line":133,"type":"if","locations":[{"start":{"line":133,"column":8},"end":{"line":133,"column":8}},{"start":{"line":133,"column":8},"end":{"line":133,"column":8}}]},"8":{"line":134,"type":"if","locations":[{"start":{"line":134,"column":8},"end":{"line":134,"column":8}},{"start":{"line":134,"column":8},"end":{"line":134,"column":8}}]},"9":{"line":135,"type":"if","locations":[{"start":{"line":135,"column":8},"end":{"line":135,"column":8}},{"start":{"line":135,"column":8},"end":{"line":135,"column":8}}]},"10":{"line":136,"type":"if","locations":[{"start":{"line":136,"column":8},"end":{"line":136,"column":8}},{"start":{"line":136,"column":8},"end":{"line":136,"column":8}}]},"11":{"line":137,"type":"if","locations":[{"start":{"line":137,"column":8},"end":{"line":137,"column":8}},{"start":{"line":137,"column":8},"end":{"line":137,"column":8}}]},"12":{"line":138,"type":"if","locations":[{"start":{"line":138,"column":8},"end":{"line":138,"column":8}},{"start":{"line":138,"column":8},"end":{"line":138,"column":8}}]},"13":{"line":145,"type":"if","locations":[{"start":{"line":145,"column":8},"end":{"line":145,"column":8}},{"start":{"line":145,"column":8},"end":{"line":145,"column":8}}]},"14":{"line":146,"type":"if","locations":[{"start":{"line":146,"column":8},"end":{"line":146,"column":8}},{"start":{"line":146,"column":8},"end":{"line":146,"column":8}}]},"15":{"line":147,"type":"if","locations":[{"start":{"line":147,"column":8},"end":{"line":147,"column":8}},{"start":{"line":147,"column":8},"end":{"line":147,"column":8}}]},"16":{"line":152,"type":"if","locations":[{"start":{"line":152,"column":8},"end":{"line":152,"column":8}},{"start":{"line":152,"column":8},"end":{"line":152,"column":8}}]},"17":{"line":193,"type":"if","locations":[{"start":{"line":193,"column":8},"end":{"line":193,"column":8}},{"start":{"line":193,"column":8},"end":{"line":193,"column":8}}]},"18":{"line":198,"type":"if","locations":[{"start":{"line":198,"column":8},"end":{"line":198,"column":8}},{"start":{"line":198,"column":8},"end":{"line":198,"column":8}}]},"19":{"line":204,"type":"if","locations":[{"start":{"line":204,"column":8},"end":{"line":204,"column":8}},{"start":{"line":204,"column":8},"end":{"line":204,"column":8}}]},"20":{"line":208,"type":"if","locations":[{"start":{"line":208,"column":8},"end":{"line":208,"column":8}},{"start":{"line":208,"column":8},"end":{"line":208,"column":8}}]},"21":{"line":229,"type":"if","locations":[{"start":{"line":229,"column":8},"end":{"line":229,"column":8}},{"start":{"line":229,"column":8},"end":{"line":229,"column":8}}]},"22":{"line":242,"type":"if","locations":[{"start":{"line":242,"column":8},"end":{"line":242,"column":8}},{"start":{"line":242,"column":8},"end":{"line":242,"column":8}}]},"23":{"line":244,"type":"if","locations":[{"start":{"line":244,"column":8},"end":{"line":244,"column":8}},{"start":{"line":244,"column":8},"end":{"line":244,"column":8}}]}}}}