{"contracts/Token.sol":{"l":{"9":36},"path":"/home/dev-varun/Documents/Solidity/Vesting-Protocol/contracts/Token.sol","s":{"1":36},"b":{},"f":{"1":36},"fnMap":{"1":{"name":"constructor","line":8,"loc":{"start":{"line":8,"column":4},"end":{"line":10,"column":4}}}},"statementMap":{"1":{"start":{"line":9,"column":8},"end":{"line":9,"column":32}}},"branchMap":{}},"contracts/Vesting.sol":{"l":{"32":72,"33":67,"61":36,"79":2,"80":2,"81":2,"82":2,"83":2,"84":2,"85":2,"86":2,"95":25,"97":3,"98":2,"100":1,"109":21,"111":21,"112":21,"114":21,"115":0,"116":0,"119":21,"121":16,"123":1,"133":41,"134":39,"135":37,"136":35,"137":33,"138":33,"140":33,"142":33,"143":33,"144":31,"146":29,"147":29,"149":29,"151":27,"152":27,"154":27,"166":27,"168":27,"169":25,"171":25,"181":25,"190":14,"195":12,"197":10,"199":10,"201":10,"203":1,"205":1,"206":0,"209":1,"210":1,"212":1,"214":1,"223":5,"229":3,"231":3,"232":3,"234":3,"236":3,"237":3,"239":3,"241":3,"249":3},"path":"/home/dev-varun/Documents/Solidity/Vesting-Protocol/contracts/Vesting.sol","s":{"1":72,"2":36,"3":2,"4":2,"5":2,"6":2,"7":2,"8":2,"9":2,"10":2,"11":25,"12":22,"13":3,"14":2,"15":1,"16":21,"17":21,"18":21,"19":21,"20":0,"21":0,"22":21,"23":5,"24":16,"25":15,"26":1,"27":41,"28":39,"29":37,"30":35,"31":33,"32":33,"33":33,"34":33,"35":33,"36":31,"37":29,"38":29,"39":29,"40":27,"41":27,"42":27,"43":27,"44":27,"45":25,"46":25,"47":25,"48":14,"49":12,"50":10,"51":10,"52":10,"53":1,"54":1,"55":1,"56":1,"57":1,"58":1,"59":5,"60":3,"61":3,"62":3,"63":3,"64":3,"65":0,"66":3,"67":3,"68":3,"69":3},"b":{"1":[67,5],"2":[22,3],"3":[2,1],"4":[0,21],"5":[5,16],"6":[15,1],"7":[39,2],"8":[37,2],"9":[35,2],"10":[33,2],"11":[33,0],"12":[33,0],"13":[33,0],"14":[31,2],"15":[29,2],"16":[27,2],"17":[12,2],"18":[10,2],"19":[1,9],"20":[0,1],"21":[3,2],"22":[0,3],"23":[3,0]},"f":{"1":72,"2":36,"3":2,"4":25,"5":21,"6":41,"7":14,"8":5},"fnMap":{"1":{"name":"validStream","line":31,"loc":{"start":{"line":31,"column":4},"end":{"line":34,"column":4}}},"2":{"name":"constructor","line":60,"loc":{"start":{"line":60,"column":4},"end":{"line":62,"column":4}}},"3":{"name":"getStream","line":67,"loc":{"start":{"line":64,"column":4},"end":{"line":87,"column":4}}},"4":{"name":"deltaOf","line":92,"loc":{"start":{"line":89,"column":4},"end":{"line":101,"column":4}}},"5":{"name":"balanceOf","line":106,"loc":{"start":{"line":103,"column":4},"end":{"line":124,"column":4}}},"6":{"name":"createStream","line":132,"loc":{"start":{"line":126,"column":4},"end":{"line":182,"column":4}}},"7":{"name":"withdrawFromStream","line":187,"loc":{"start":{"line":184,"column":4},"end":{"line":215,"column":4}}},"8":{"name":"cancelStream","line":220,"loc":{"start":{"line":217,"column":4},"end":{"line":250,"column":4}}}},"statementMap":{"1":{"start":{"line":32,"column":8},"end":{"line":32,"column":62}},"2":{"start":{"line":61,"column":8},"end":{"line":61,"column":25}},"3":{"start":{"line":79,"column":8},"end":{"line":79,"column":40}},"4":{"start":{"line":80,"column":8},"end":{"line":80,"column":46}},"5":{"start":{"line":81,"column":8},"end":{"line":81,"column":52}},"6":{"start":{"line":82,"column":8},"end":{"line":82,"column":42}},"7":{"start":{"line":83,"column":8},"end":{"line":83,"column":46}},"8":{"start":{"line":84,"column":8},"end":{"line":84,"column":44}},"9":{"start":{"line":85,"column":8},"end":{"line":85,"column":60}},"10":{"start":{"line":86,"column":8},"end":{"line":86,"column":54}},"11":{"start":{"line":95,"column":8},"end":{"line":95,"column":68}},"12":{"start":{"line":95,"column":60},"end":{"line":95,"column":68}},"13":{"start":{"line":97,"column":8},"end":{"line":97,"column":2583}},"14":{"start":{"line":98,"column":12},"end":{"line":98,"column":64}},"15":{"start":{"line":100,"column":8},"end":{"line":100,"column":71}},"16":{"start":{"line":109,"column":8},"end":{"line":109,"column":54}},"17":{"start":{"line":111,"column":8},"end":{"line":111,"column":41}},"18":{"start":{"line":112,"column":8},"end":{"line":112,"column":54}},"19":{"start":{"line":114,"column":8},"end":{"line":114,"column":3033}},"20":{"start":{"line":115,"column":12},"end":{"line":115,"column":78}},"21":{"start":{"line":116,"column":12},"end":{"line":116,"column":46}},"22":{"start":{"line":119,"column":8},"end":{"line":119,"column":74}},"23":{"start":{"line":119,"column":34},"end":{"line":119,"column":74}},"24":{"start":{"line":121,"column":8},"end":{"line":121,"column":51}},"25":{"start":{"line":121,"column":37},"end":{"line":121,"column":51}},"26":{"start":{"line":123,"column":8},"end":{"line":123,"column":16}},"27":{"start":{"line":133,"column":8},"end":{"line":133,"column":65}},"28":{"start":{"line":134,"column":8},"end":{"line":134,"column":45}},"29":{"start":{"line":135,"column":8},"end":{"line":135,"column":67}},"30":{"start":{"line":136,"column":8},"end":{"line":136,"column":68}},"31":{"start":{"line":137,"column":8},"end":{"line":137,"column":68}},"32":{"start":{"line":138,"column":8},"end":{"line":138,"column":81}},"33":{"start":{"line":140,"column":8},"end":{"line":140,"column":47}},"34":{"start":{"line":142,"column":8},"end":{"line":142,"column":64}},"35":{"start":{"line":143,"column":8},"end":{"line":143,"column":70}},"36":{"start":{"line":144,"column":8},"end":{"line":144,"column":75}},"37":{"start":{"line":146,"column":8},"end":{"line":146,"column":43}},"38":{"start":{"line":147,"column":8},"end":{"line":147,"column":51}},"39":{"start":{"line":149,"column":8},"end":{"line":149,"column":69}},"40":{"start":{"line":151,"column":8},"end":{"line":151,"column":38}},"41":{"start":{"line":152,"column":8},"end":{"line":152,"column":50}},"42":{"start":{"line":154,"column":8},"end":{"line":154,"column":4540}},"43":{"start":{"line":166,"column":8},"end":{"line":166,"column":36}},"44":{"start":{"line":168,"column":8},"end":{"line":168,"column":78}},"45":{"start":{"line":169,"column":8},"end":{"line":169,"column":21}},"46":{"start":{"line":171,"column":8},"end":{"line":171,"column":5051}},"47":{"start":{"line":181,"column":8},"end":{"line":181,"column":23}},"48":{"start":{"line":190,"column":8},"end":{"line":190,"column":5446}},"49":{"start":{"line":195,"column":8},"end":{"line":195,"column":44}},"50":{"start":{"line":197,"column":8},"end":{"line":197,"column":54}},"51":{"start":{"line":199,"column":8},"end":{"line":199,"column":63}},"52":{"start":{"line":201,"column":8},"end":{"line":201,"column":69}},"53":{"start":{"line":203,"column":8},"end":{"line":203,"column":49}},"54":{"start":{"line":205,"column":8},"end":{"line":205,"column":5918}},"55":{"start":{"line":209,"column":8},"end":{"line":209,"column":84}},"56":{"start":{"line":210,"column":8},"end":{"line":210,"column":21}},"57":{"start":{"line":212,"column":8},"end":{"line":212,"column":68}},"58":{"start":{"line":214,"column":8},"end":{"line":214,"column":19}},"59":{"start":{"line":223,"column":8},"end":{"line":223,"column":6362}},"60":{"start":{"line":229,"column":8},"end":{"line":229,"column":54}},"61":{"start":{"line":231,"column":8},"end":{"line":231,"column":66}},"62":{"start":{"line":232,"column":8},"end":{"line":232,"column":72}},"63":{"start":{"line":234,"column":8},"end":{"line":234,"column":51}},"64":{"start":{"line":236,"column":8},"end":{"line":236,"column":93}},"65":{"start":{"line":236,"column":34},"end":{"line":236,"column":92}},"66":{"start":{"line":237,"column":8},"end":{"line":237,"column":84}},"67":{"start":{"line":237,"column":31},"end":{"line":237,"column":83}},"68":{"start":{"line":241,"column":8},"end":{"line":241,"column":7010}},"69":{"start":{"line":249,"column":8},"end":{"line":249,"column":19}}},"branchMap":{"1":{"line":32,"type":"if","locations":[{"start":{"line":32,"column":8},"end":{"line":32,"column":8}},{"start":{"line":32,"column":8},"end":{"line":32,"column":8}}]},"2":{"line":95,"type":"if","locations":[{"start":{"line":95,"column":8},"end":{"line":95,"column":8}},{"start":{"line":95,"column":8},"end":{"line":95,"column":8}}]},"3":{"line":97,"type":"if","locations":[{"start":{"line":97,"column":8},"end":{"line":97,"column":8}},{"start":{"line":97,"column":8},"end":{"line":97,"column":8}}]},"4":{"line":114,"type":"if","locations":[{"start":{"line":114,"column":8},"end":{"line":114,"column":8}},{"start":{"line":114,"column":8},"end":{"line":114,"column":8}}]},"5":{"line":119,"type":"if","locations":[{"start":{"line":119,"column":8},"end":{"line":119,"column":8}},{"start":{"line":119,"column":8},"end":{"line":119,"column":8}}]},"6":{"line":121,"type":"if","locations":[{"start":{"line":121,"column":8},"end":{"line":121,"column":8}},{"start":{"line":121,"column":8},"end":{"line":121,"column":8}}]},"7":{"line":133,"type":"if","locations":[{"start":{"line":133,"column":8},"end":{"line":133,"column":8}},{"start":{"line":133,"column":8},"end":{"line":133,"column":8}}]},"8":{"line":134,"type":"if","locations":[{"start":{"line":134,"column":8},"end":{"line":134,"column":8}},{"start":{"line":134,"column":8},"end":{"line":134,"column":8}}]},"9":{"line":135,"type":"if","locations":[{"start":{"line":135,"column":8},"end":{"line":135,"column":8}},{"start":{"line":135,"column":8},"end":{"line":135,"column":8}}]},"10":{"line":136,"type":"if","locations":[{"start":{"line":136,"column":8},"end":{"line":136,"column":8}},{"start":{"line":136,"column":8},"end":{"line":136,"column":8}}]},"11":{"line":137,"type":"if","locations":[{"start":{"line":137,"column":8},"end":{"line":137,"column":8}},{"start":{"line":137,"column":8},"end":{"line":137,"column":8}}]},"12":{"line":138,"type":"if","locations":[{"start":{"line":138,"column":8},"end":{"line":138,"column":8}},{"start":{"line":138,"column":8},"end":{"line":138,"column":8}}]},"13":{"line":142,"type":"if","locations":[{"start":{"line":142,"column":8},"end":{"line":142,"column":8}},{"start":{"line":142,"column":8},"end":{"line":142,"column":8}}]},"14":{"line":143,"type":"if","locations":[{"start":{"line":143,"column":8},"end":{"line":143,"column":8}},{"start":{"line":143,"column":8},"end":{"line":143,"column":8}}]},"15":{"line":144,"type":"if","locations":[{"start":{"line":144,"column":8},"end":{"line":144,"column":8}},{"start":{"line":144,"column":8},"end":{"line":144,"column":8}}]},"16":{"line":149,"type":"if","locations":[{"start":{"line":149,"column":8},"end":{"line":149,"column":8}},{"start":{"line":149,"column":8},"end":{"line":149,"column":8}}]},"17":{"line":190,"type":"if","locations":[{"start":{"line":190,"column":8},"end":{"line":190,"column":8}},{"start":{"line":190,"column":8},"end":{"line":190,"column":8}}]},"18":{"line":195,"type":"if","locations":[{"start":{"line":195,"column":8},"end":{"line":195,"column":8}},{"start":{"line":195,"column":8},"end":{"line":195,"column":8}}]},"19":{"line":201,"type":"if","locations":[{"start":{"line":201,"column":8},"end":{"line":201,"column":8}},{"start":{"line":201,"column":8},"end":{"line":201,"column":8}}]},"20":{"line":205,"type":"if","locations":[{"start":{"line":205,"column":8},"end":{"line":205,"column":8}},{"start":{"line":205,"column":8},"end":{"line":205,"column":8}}]},"21":{"line":223,"type":"if","locations":[{"start":{"line":223,"column":8},"end":{"line":223,"column":8}},{"start":{"line":223,"column":8},"end":{"line":223,"column":8}}]},"22":{"line":236,"type":"if","locations":[{"start":{"line":236,"column":8},"end":{"line":236,"column":8}},{"start":{"line":236,"column":8},"end":{"line":236,"column":8}}]},"23":{"line":237,"type":"if","locations":[{"start":{"line":237,"column":8},"end":{"line":237,"column":8}},{"start":{"line":237,"column":8},"end":{"line":237,"column":8}}]}}}}